<?xml version="1.0" encoding="UTF-8"?>
<testsuite xmlns:xsi="http://www.w3.org/2001/XMLSchema-instance" xsi:noNamespaceSchemaLocation="https://maven.apache.org/surefire/maven-surefire-plugin/xsd/surefire-test-report.xsd" version="3.0.1" name="com.example.ClubTest" time="0.135" tests="10" errors="10" skipped="0" failures="0">
  <properties>
    <property name="java.specification.version" value="21"/>
    <property name="sun.jnu.encoding" value="UTF-8"/>
    <property name="java.class.path" value="/home/fabu/Escritorio/taller3/demo/target/test-classes:/home/fabu/Escritorio/taller3/demo/target/classes:/home/fabu/.m2/repository/org/junit/jupiter/junit-jupiter-api/5.11.0/junit-jupiter-api-5.11.0.jar:/home/fabu/.m2/repository/org/opentest4j/opentest4j/1.3.0/opentest4j-1.3.0.jar:/home/fabu/.m2/repository/org/junit/platform/junit-platform-commons/1.11.0/junit-platform-commons-1.11.0.jar:/home/fabu/.m2/repository/org/apiguardian/apiguardian-api/1.1.2/apiguardian-api-1.1.2.jar:/home/fabu/.m2/repository/org/junit/jupiter/junit-jupiter-params/5.11.0/junit-jupiter-params-5.11.0.jar:"/>
    <property name="java.vm.vendor" value="Ubuntu"/>
    <property name="sun.arch.data.model" value="64"/>
    <property name="java.vendor.url" value="https://ubuntu.com/"/>
    <property name="os.name" value="Linux"/>
    <property name="java.vm.specification.version" value="21"/>
    <property name="user.country" value="CL"/>
    <property name="sun.java.launcher" value="SUN_STANDARD"/>
    <property name="sun.boot.library.path" value="/usr/lib/jvm/java-21-openjdk-amd64/lib"/>
    <property name="sun.java.command" value="/home/fabu/Escritorio/taller3/demo/target/surefire/surefirebooter-20241023103454677_3.jar /home/fabu/Escritorio/taller3/demo/target/surefire 2024-10-23T10-34-54_454-jvmRun1 surefire-20241023103454677_1tmp surefire_0-20241023103454677_2tmp"/>
    <property name="jdk.debug" value="release"/>
    <property name="test" value="com.example.ClubTest"/>
    <property name="surefire.test.class.path" value="/home/fabu/Escritorio/taller3/demo/target/test-classes:/home/fabu/Escritorio/taller3/demo/target/classes:/home/fabu/.m2/repository/org/junit/jupiter/junit-jupiter-api/5.11.0/junit-jupiter-api-5.11.0.jar:/home/fabu/.m2/repository/org/opentest4j/opentest4j/1.3.0/opentest4j-1.3.0.jar:/home/fabu/.m2/repository/org/junit/platform/junit-platform-commons/1.11.0/junit-platform-commons-1.11.0.jar:/home/fabu/.m2/repository/org/apiguardian/apiguardian-api/1.1.2/apiguardian-api-1.1.2.jar:/home/fabu/.m2/repository/org/junit/jupiter/junit-jupiter-params/5.11.0/junit-jupiter-params-5.11.0.jar:"/>
    <property name="sun.cpu.endian" value="little"/>
    <property name="user.home" value="/home/fabu"/>
    <property name="user.language" value="es"/>
    <property name="java.specification.vendor" value="Oracle Corporation"/>
    <property name="java.version.date" value="2024-07-16"/>
    <property name="java.home" value="/usr/lib/jvm/java-21-openjdk-amd64"/>
    <property name="file.separator" value="/"/>
    <property name="basedir" value="/home/fabu/Escritorio/taller3/demo"/>
    <property name="java.vm.compressedOopsMode" value="32-bit"/>
    <property name="line.separator" value="&#10;"/>
    <property name="java.specification.name" value="Java Platform API Specification"/>
    <property name="java.vm.specification.vendor" value="Oracle Corporation"/>
    <property name="surefire.real.class.path" value="/home/fabu/Escritorio/taller3/demo/target/surefire/surefirebooter-20241023103454677_3.jar"/>
    <property name="sun.management.compiler" value="HotSpot 64-Bit Tiered Compilers"/>
    <property name="java.runtime.version" value="21.0.4+7-Ubuntu-1ubuntu224.04"/>
    <property name="user.name" value="fabu"/>
    <property name="stdout.encoding" value="UTF-8"/>
    <property name="path.separator" value=":"/>
    <property name="os.version" value="6.8.0-47-generic"/>
    <property name="java.runtime.name" value="OpenJDK Runtime Environment"/>
    <property name="file.encoding" value="UTF-8"/>
    <property name="java.vm.name" value="OpenJDK 64-Bit Server VM"/>
    <property name="maven.ext.class.path" value="/home/fabu/.vscode/extensions/oracle.oracle-java-23.0.0/nbcode/java/maven-nblib/netbeans-eventspy.jar"/>
    <property name="localRepository" value="/home/fabu/.m2/repository"/>
    <property name="java.vendor.url.bug" value="https://bugs.launchpad.net/ubuntu/+source/openjdk-21"/>
    <property name="java.io.tmpdir" value="/tmp"/>
    <property name="java.version" value="21.0.4"/>
    <property name="user.dir" value="/home/fabu/Escritorio/taller3/demo"/>
    <property name="os.arch" value="amd64"/>
    <property name="java.vm.specification.name" value="Java Virtual Machine Specification"/>
    <property name="native.encoding" value="UTF-8"/>
    <property name="java.library.path" value="/usr/java/packages/lib:/usr/lib/x86_64-linux-gnu/jni:/lib/x86_64-linux-gnu:/usr/lib/x86_64-linux-gnu:/usr/lib/jni:/lib:/usr/lib"/>
    <property name="java.vm.info" value="mixed mode, sharing"/>
    <property name="stderr.encoding" value="UTF-8"/>
    <property name="java.vendor" value="Ubuntu"/>
    <property name="java.vm.version" value="21.0.4+7-Ubuntu-1ubuntu224.04"/>
    <property name="sun.io.unicode.encoding" value="UnicodeLittle"/>
    <property name="java.class.version" value="65.0"/>
  </properties>
  <testcase name="testAsignacionDeportistaAUnEquipo" classname="com.example.ClubTest" time="0.044">
    <error message="Unresolved compilation problem: &#10;	The method getEquipo() is undefined for the type Deportista&#10;" type="java.lang.Error"><![CDATA[java.lang.Error: 
Unresolved compilation problem: 
	The method getEquipo() is undefined for the type Deportista

	at com.example.ClubTest.testAsignacionDeportistaAUnEquipo(ClubTest.java:64)
	at java.base/java.lang.reflect.Method.invoke(Method.java:580)
	at java.base/java.util.ArrayList.forEach(ArrayList.java:1596)
	at java.base/java.util.ArrayList.forEach(ArrayList.java:1596)
]]></error>
  </testcase>
  <testcase name="testDeportistaSoloUnEquipo" classname="com.example.ClubTest" time="0.005">
    <error message="Unresolved compilation problem: &#10;	The method getEquipo() is undefined for the type Deportista&#10;" type="java.lang.Error"><![CDATA[java.lang.Error: 
Unresolved compilation problem: 
	The method getEquipo() is undefined for the type Deportista

	at com.example.ClubTest.testDeportistaSoloUnEquipo(ClubTest.java:75)
	at java.base/java.lang.reflect.Method.invoke(Method.java:580)
	at java.base/java.util.ArrayList.forEach(ArrayList.java:1596)
	at java.base/java.util.ArrayList.forEach(ArrayList.java:1596)
]]></error>
  </testcase>
  <testcase name="testRegistroDeportistaCorrecto" classname="com.example.ClubTest" time="0.004">
    <error message="Unresolved compilation problem: &#10;	The method getDeportistas() is undefined for the type Club&#10;" type="java.lang.Error"><![CDATA[java.lang.Error: 
Unresolved compilation problem: 
	The method getDeportistas() is undefined for the type Club

	at com.example.ClubTest.testRegistroDeportistaCorrecto(ClubTest.java:31)
	at java.base/java.lang.reflect.Method.invoke(Method.java:580)
	at java.base/java.util.ArrayList.forEach(ArrayList.java:1596)
	at java.base/java.util.ArrayList.forEach(ArrayList.java:1596)
]]></error>
  </testcase>
  <testcase name="testPartidoSinErroresAsignacionCancha" classname="com.example.ClubTest" time="0.003">
    <error message="Unresolved compilation problems: &#10;	Partido cannot be resolved to a type&#10;	Partido cannot be resolved to a type&#10;	The method assertTrue(boolean, String) is undefined for the type ClubTest&#10;" type="java.lang.Error"><![CDATA[java.lang.Error: 
Unresolved compilation problems: 
	Partido cannot be resolved to a type
	Partido cannot be resolved to a type
	The method assertTrue(boolean, String) is undefined for the type ClubTest

	at com.example.ClubTest.testPartidoSinErroresAsignacionCancha(ClubTest.java:101)
	at java.base/java.lang.reflect.Method.invoke(Method.java:580)
	at java.base/java.util.ArrayList.forEach(ArrayList.java:1596)
	at java.base/java.util.ArrayList.forEach(ArrayList.java:1596)
]]></error>
  </testcase>
  <testcase name="testEntrenadorSoloUnEquipo" classname="com.example.ClubTest" time="0.003">
    <error message="Unresolved compilation problem: &#10;	The method getEquipo() is undefined for the type Entrenador&#10;" type="java.lang.Error"><![CDATA[java.lang.Error: 
Unresolved compilation problem: 
	The method getEquipo() is undefined for the type Entrenador

	at com.example.ClubTest.testEntrenadorSoloUnEquipo(ClubTest.java:86)
	at java.base/java.lang.reflect.Method.invoke(Method.java:580)
	at java.base/java.util.ArrayList.forEach(ArrayList.java:1596)
	at java.base/java.util.ArrayList.forEach(ArrayList.java:1596)
]]></error>
  </testcase>
  <testcase name="testRegistroDeportistaDuplicado" classname="com.example.ClubTest" time="0.004">
    <error message="Unresolved compilation problem: &#10;	The method getDeportistas() is undefined for the type Club&#10;" type="java.lang.Error"><![CDATA[java.lang.Error: 
Unresolved compilation problem: 
	The method getDeportistas() is undefined for the type Club

	at com.example.ClubTest.testRegistroDeportistaDuplicado(ClubTest.java:38)
	at java.base/java.lang.reflect.Method.invoke(Method.java:580)
	at java.base/java.util.ArrayList.forEach(ArrayList.java:1596)
	at java.base/java.util.ArrayList.forEach(ArrayList.java:1596)
]]></error>
  </testcase>
  <testcase name="testRegistroEntrenadorCorrecto" classname="com.example.ClubTest" time="0.003">
    <error message="Unresolved compilation problems: &#10;	The method registrarEntrenador(Entrenador) is undefined for the type Club&#10;	The method getEntrenadores() is undefined for the type Club&#10;" type="java.lang.Error"><![CDATA[java.lang.Error: 
Unresolved compilation problems: 
	The method registrarEntrenador(Entrenador) is undefined for the type Club
	The method getEntrenadores() is undefined for the type Club

	at com.example.ClubTest.testRegistroEntrenadorCorrecto(ClubTest.java:43)
	at java.base/java.lang.reflect.Method.invoke(Method.java:580)
	at java.base/java.util.ArrayList.forEach(ArrayList.java:1596)
	at java.base/java.util.ArrayList.forEach(ArrayList.java:1596)
]]></error>
  </testcase>
  <testcase name="testRegistroEntrenadorDuplicado" classname="com.example.ClubTest" time="0.003">
    <error message="Unresolved compilation problems: &#10;	The method registrarEntrenador(Entrenador) is undefined for the type Club&#10;	The method registrarEntrenador(Entrenador) is undefined for the type Club&#10;	The method getEntrenadores() is undefined for the type Club&#10;" type="java.lang.Error"><![CDATA[java.lang.Error: 
Unresolved compilation problems: 
	The method registrarEntrenador(Entrenador) is undefined for the type Club
	The method registrarEntrenador(Entrenador) is undefined for the type Club
	The method getEntrenadores() is undefined for the type Club

	at com.example.ClubTest.testRegistroEntrenadorDuplicado(ClubTest.java:49)
	at java.base/java.lang.reflect.Method.invoke(Method.java:580)
	at java.base/java.util.ArrayList.forEach(ArrayList.java:1596)
	at java.base/java.util.ArrayList.forEach(ArrayList.java:1596)
]]></error>
  </testcase>
  <testcase name="testCreacionEquipoCorrecta" classname="com.example.ClubTest" time="0.002">
    <error message="Unresolved compilation problems: &#10;	The method registrarEquipo(Equipo) is undefined for the type Club&#10;	The method getEquipos() is undefined for the type Club&#10;" type="java.lang.Error"><![CDATA[java.lang.Error: 
Unresolved compilation problems: 
	The method registrarEquipo(Equipo) is undefined for the type Club
	The method getEquipos() is undefined for the type Club

	at com.example.ClubTest.testCreacionEquipoCorrecta(ClubTest.java:56)
	at java.base/java.lang.reflect.Method.invoke(Method.java:580)
	at java.base/java.util.ArrayList.forEach(ArrayList.java:1596)
	at java.base/java.util.ArrayList.forEach(ArrayList.java:1596)
]]></error>
  </testcase>
  <testcase name="testRegistroPartidoCorrecto" classname="com.example.ClubTest" time="0.002">
    <error message="Unresolved compilation problems: &#10;	Partido cannot be resolved to a type&#10;	Partido cannot be resolved to a type&#10;	The method getPartidos() is undefined for the type Club&#10;" type="java.lang.Error"><![CDATA[java.lang.Error: 
Unresolved compilation problems: 
	Partido cannot be resolved to a type
	Partido cannot be resolved to a type
	The method getPartidos() is undefined for the type Club

	at com.example.ClubTest.testRegistroPartidoCorrecto(ClubTest.java:92)
	at java.base/java.lang.reflect.Method.invoke(Method.java:580)
	at java.base/java.util.ArrayList.forEach(ArrayList.java:1596)
	at java.base/java.util.ArrayList.forEach(ArrayList.java:1596)
]]></error>
  </testcase>
</testsuite>